<?xml version="1.0" encoding="UTF-8"?>
<!-- Generated by org.testng.reporters.JUnitReportReporter -->
<testsuite ignored="0" hostname="DESKTOP-6PT73CE" failures="0" tests="1" name="CoolTesters.Selenium.AppTest" time="0.043" errors="0" timestamp="12 Sep 2020 13:49:59 GMT" skipped="0">
  <testcase classname="CoolTesters.Selenium.AppTest" name="shouldAnswerWithTrue" time="0.043"/>
</testsuite> <!-- CoolTesters.Selenium.AppTest -->
